<?xml version="1.0" encoding="UTF-8"?>
<testng-results ignored="0" total="0" passed="0" failed="0" skipped="0">
  <reporter-output>
  </reporter-output>
  <suite started-at="2018-09-01T10:47:56Z" name="com.RestAssured.AppTest" finished-at="2018-09-01T10:47:56Z" duration-ms="6">
    <groups>
    </groups>
    <test started-at="2018-09-01T10:47:56Z" name="Command line test" finished-at="2018-09-01T10:47:56Z" duration-ms="6">
    </test> <!-- Command line test -->
  </suite> <!-- com.RestAssured.AppTest -->
</testng-results>
